#
# There is insufficient memory for the Java Runtime Environment to continue.
# Native memory allocation (mmap) failed to map 335544320 bytes for G1 virtual space
# Possible reasons:
#   The system is out of physical RAM or swap space
#   The process is running with CompressedOops enabled, and the Java Heap may be blocking the growth of the native heap
# Possible solutions:
#   Reduce memory load on the system
#   Increase physical memory or swap space
#   Check if swap backing store is full
#   Decrease Java heap size (-Xmx/-Xms)
#   Decrease number of Java threads
#   Decrease Java thread stack sizes (-Xss)
#   Set larger code cache with -XX:ReservedCodeCacheSize=
#   JVM is running with Zero Based Compressed Oops mode in which the Java heap is
#     placed in the first 32GB address space. The Java Heap base address is the
#     maximum limit for the native heap growth. Please use -XX:HeapBaseMinAddress
#     to set the Java Heap base and to place the Java Heap above 32GB virtual address.
# This output file may be truncated or incomplete.
#
#  Out of Memory Error (os_windows.cpp:3550), pid=17404, tid=20216
#
# JRE version:  (17.0.8+9) (build )
# Java VM: Java HotSpot(TM) 64-Bit Server VM (17.0.8+9-LTS-211, mixed mode, sharing, tiered, compressed oops, compressed class ptrs, g1 gc, windows-amd64)
# No core dump will be written. Minidumps are not enabled by default on client versions of Windows
#

---------------  S U M M A R Y ------------

Command Line: -Dclassworlds.conf=G:\DATA\Maven\apache-maven-3.8.8\bin\m2.conf -Dmaven.home=G:\DATA\Maven\apache-maven-3.8.8 -Dlibrary.jansi.path=G:\DATA\Maven\apache-maven-3.8.8\lib\jansi-native -Dmaven.multiModuleProjectDirectory=G:\DATA\Personal\Learning\Development org.codehaus.plexus.classworlds.launcher.Launcher clean

Host: Intel(R) Core(TM) i5-8265U CPU @ 1.60GHz, 8 cores, 19G,  Windows 10 , 64 bit Build 19041 (10.0.19041.3636)
Time: Fri Dec  8 22:31:38 2023 India Standard Time elapsed time: 0.021187 seconds (0d 0h 0m 0s)

---------------  T H R E A D  ---------------

Current thread (0x000002741406fae0):  JavaThread "Unknown thread" [_thread_in_vm, id=20216, stack(0x0000009537e00000,0x0000009537f00000)]

Stack: [0x0000009537e00000,0x0000009537f00000]
Native frames: (J=compiled Java code, j=interpreted, Vv=VM code, C=native code)
V  [jvm.dll+0x677d0a]
V  [jvm.dll+0x7d8c54]
V  [jvm.dll+0x7da3fe]
V  [jvm.dll+0x7daa63]
V  [jvm.dll+0x245c5f]
V  [jvm.dll+0x674bb9]
V  [jvm.dll+0x6694f2]
V  [jvm.dll+0x3031d6]
V  [jvm.dll+0x30a756]
V  [jvm.dll+0x359f9e]
V  [jvm.dll+0x35a1cf]
V  [jvm.dll+0x2da3e8]
V  [jvm.dll+0x2db354]
V  [jvm.dll+0x7aa711]
V  [jvm.dll+0x367b51]
V  [jvm.dll+0x789979]
V  [jvm.dll+0x3eb05f]
V  [jvm.dll+0x3ecae1]
C  [jli.dll+0x5297]
C  [ucrtbase.dll+0x21bb2]
C  [KERNEL32.DLL+0x17344]
C  [ntdll.dll+0x526b1]


---------------  P R O C E S S  ---------------

Threads class SMR info:
_java_thread_list=0x00007ff8b61059d8, length=0, elements={
}

Java Threads: ( => current thread )

Other Threads:
  0x00000274140e4690 GCTaskThread "GC Thread#0" [stack: 0x0000009537f00000,0x0000009538000000] [id=3348]
  0x00000274140ef4e0 ConcurrentGCThread "G1 Main Marker" [stack: 0x0000009538000000,0x0000009538100000] [id=17020]
  0x00000274140f0a60 ConcurrentGCThread "G1 Conc#0" [stack: 0x0000009538100000,0x0000009538200000] [id=13820]

[error occurred during error reporting (printing all threads), id 0xc0000005, EXCEPTION_ACCESS_VIOLATION (0xc0000005) at pc=0x00007ff8b593b047]

VM state: not at safepoint (not fully initialized)

VM Mutex/Monitor currently owned by a thread:  ([mutex/lock_event])
[0x000002741406c950] Heap_lock - owner thread: 0x000002741406fae0

Heap address: 0x00000006c1c00000, size: 5092 MB, Compressed Oops mode: Zero based, Oop shift amount: 3

CDS archive(s) mapped at: [0x0000000000000000-0x0000000000000000-0x0000000000000000), size 0, SharedBaseAddress: 0x0000000800000000, ArchiveRelocationMode: 1.
Narrow klass base: 0x0000000000000000, Narrow klass shift: 0, Narrow klass range: 0x0

GC Precious Log:
<Empty>

Heap:
 garbage-first heap   total 0K, used 0K [0x00000006c1c00000, 0x0000000800000000)
  region size 4096K, 0 young (0K), 0 survivors (0K)

[error occurred during error reporting (printing heap information), id 0xc0000005, EXCEPTION_ACCESS_VIOLATION (0xc0000005) at pc=0x00007ff8b5d21499]

GC Heap History (0 events):
No events

Deoptimization events (0 events):
No events

Classes unloaded (0 events):
No events

Classes redefined (0 events):
No events

Internal exceptions (0 events):
No events

VM Operations (0 events):
No events

Events (1 events):
Event: 0.013 Loaded shared library C:\Program Files\Java\jdk-17\bin\java.dll


Dynamic libraries:
0x00007ff639f50000 - 0x00007ff639f60000 	C:\Program Files\Java\jdk-17\bin\java.exe
0x00007ff906dd0000 - 0x00007ff906fc8000 	C:\Windows\SYSTEM32\ntdll.dll
0x00007ff906a90000 - 0x00007ff906b4d000 	C:\Windows\System32\KERNEL32.DLL
0x00007ff9046a0000 - 0x00007ff904996000 	C:\Windows\System32\KERNELBASE.dll
0x00007ff904d30000 - 0x00007ff904e30000 	C:\Windows\System32\ucrtbase.dll
0x00007ff8ef230000 - 0x00007ff8ef249000 	C:\Program Files\Java\jdk-17\bin\jli.dll
0x00007ff8ef330000 - 0x00007ff8ef34b000 	C:\Program Files\Java\jdk-17\bin\VCRUNTIME140.dll
0x00007ff906b50000 - 0x00007ff906bff000 	C:\Windows\System32\ADVAPI32.dll
0x00007ff905330000 - 0x00007ff9053ce000 	C:\Windows\System32\msvcrt.dll
0x00007ff9069f0000 - 0x00007ff906a8c000 	C:\Windows\System32\sechost.dll
0x00007ff905d00000 - 0x00007ff905e26000 	C:\Windows\System32\RPCRT4.dll
0x00007ff906850000 - 0x00007ff9069ee000 	C:\Windows\System32\USER32.dll
0x00007ff8efe60000 - 0x00007ff8f00fa000 	C:\Windows\WinSxS\amd64_microsoft.windows.common-controls_6595b64144ccf1df_6.0.19041.3636_none_60b6a03d71f818d5\COMCTL32.dll
0x00007ff904520000 - 0x00007ff904542000 	C:\Windows\System32\win32u.dll
0x00007ff905500000 - 0x00007ff90552c000 	C:\Windows\System32\GDI32.dll
0x00007ff904a30000 - 0x00007ff904b4a000 	C:\Windows\System32\gdi32full.dll
0x00007ff904600000 - 0x00007ff90469d000 	C:\Windows\System32\msvcp_win.dll
0x00007ff8fe4b0000 - 0x00007ff8fe4ba000 	C:\Windows\SYSTEM32\VERSION.dll
0x00007ff905190000 - 0x00007ff9051c0000 	C:\Windows\System32\IMM32.DLL
0x00007ff8c5a70000 - 0x00007ff8c5b23000 	C:\Program Files\McAfee\Endpoint Security\Threat Prevention\Ips\EpMPApi.dll
0x00007ff9044b0000 - 0x00007ff904517000 	C:\Windows\System32\WINTRUST.dll
0x00007ff904bd0000 - 0x00007ff904d2d000 	C:\Windows\System32\CRYPT32.dll
0x00007ff903fb0000 - 0x00007ff903fc2000 	C:\Windows\SYSTEM32\MSASN1.dll
0x00000000742b0000 - 0x00000000742bc000 	C:\Program Files\McAfee\Endpoint Security\Threat Prevention\Ips\EpMPThe.dll
0x00007ff8ec180000 - 0x00007ff8ec1db000 	C:\Program Files\McAfee\Endpoint Security\Threat Prevention\Ips\HIPHandlers64.dll
0x00007ff9055b0000 - 0x00007ff905cf4000 	C:\Windows\System32\SHELL32.dll
0x00007ff905550000 - 0x00007ff9055a5000 	C:\Windows\System32\SHLWAPI.dll
0x00007ff901de0000 - 0x00007ff901fc4000 	C:\Windows\SYSTEM32\dbghelp.dll
0x00007ff8faf80000 - 0x00007ff8faf8c000 	C:\Program Files\Java\jdk-17\bin\vcruntime140_1.dll
0x00007ff8eeac0000 - 0x00007ff8eeb4e000 	C:\Program Files\Java\jdk-17\bin\msvcp140.dll
0x00007ff8b5650000 - 0x00007ff8b622e000 	C:\Program Files\Java\jdk-17\bin\server\jvm.dll
0x00007ff905530000 - 0x00007ff905538000 	C:\Windows\System32\PSAPI.DLL
0x00007ff8ea320000 - 0x00007ff8ea347000 	C:\Windows\SYSTEM32\WINMM.dll
0x00007ff8efc90000 - 0x00007ff8efc99000 	C:\Windows\SYSTEM32\WSOCK32.dll
0x00007ff9062a0000 - 0x00007ff90630b000 	C:\Windows\System32\WS2_32.dll
0x00007ff9029e0000 - 0x00007ff9029f2000 	C:\Windows\SYSTEM32\kernel.appcore.dll
0x00007ff8ef320000 - 0x00007ff8ef32a000 	C:\Program Files\Java\jdk-17\bin\jimage.dll
0x00007ff8ea800000 - 0x00007ff8ea834000 	C:\Windows\SYSTEM32\dbgcore.DLL
0x00007ff9049a0000 - 0x00007ff904a22000 	C:\Windows\System32\bcryptPrimitives.dll
0x00007ff8ef180000 - 0x00007ff8ef1a5000 	C:\Program Files\Java\jdk-17\bin\java.dll

dbghelp: loaded successfully - version: 4.0.5 - missing functions: none
symbol engine: initialized successfully - sym options: 0x614 - pdb path: .;C:\Program Files\Java\jdk-17\bin;C:\Windows\SYSTEM32;C:\Windows\WinSxS\amd64_microsoft.windows.common-controls_6595b64144ccf1df_6.0.19041.3636_none_60b6a03d71f818d5;C:\Program Files\McAfee\Endpoint Security\Threat Prevention\Ips;C:\Program Files\Java\jdk-17\bin\server

VM Arguments:
jvm_args: -Dclassworlds.conf=G:\DATA\Maven\apache-maven-3.8.8\bin\m2.conf -Dmaven.home=G:\DATA\Maven\apache-maven-3.8.8 -Dlibrary.jansi.path=G:\DATA\Maven\apache-maven-3.8.8\lib\jansi-native -Dmaven.multiModuleProjectDirectory=G:\DATA\Personal\Learning\Development 
java_command: org.codehaus.plexus.classworlds.launcher.Launcher clean
java_class_path (initial): G:\DATA\Maven\apache-maven-3.8.8\boot\plexus-classworlds-2.6.0.jar
Launcher Type: SUN_STANDARD

[Global flags]
     intx CICompilerCount                          = 4                                         {product} {ergonomic}
     uint ConcGCThreads                            = 2                                         {product} {ergonomic}
     uint G1ConcRefinementThreads                  = 8                                         {product} {ergonomic}
   size_t G1HeapRegionSize                         = 4194304                                   {product} {ergonomic}
    uintx GCDrainStackTargetSize                   = 64                                        {product} {ergonomic}
   size_t InitialHeapSize                          = 335544320                                 {product} {ergonomic}
   size_t MarkStackSize                            = 4194304                                   {product} {ergonomic}
   size_t MaxHeapSize                              = 5339348992                                {product} {ergonomic}
   size_t MinHeapDeltaBytes                        = 4194304                                   {product} {ergonomic}
   size_t MinHeapSize                              = 8388608                                   {product} {ergonomic}
    uintx NonNMethodCodeHeapSize                   = 5839372                                {pd product} {ergonomic}
    uintx NonProfiledCodeHeapSize                  = 122909434                              {pd product} {ergonomic}
    uintx ProfiledCodeHeapSize                     = 122909434                              {pd product} {ergonomic}
    uintx ReservedCodeCacheSize                    = 251658240                              {pd product} {ergonomic}
     bool SegmentedCodeCache                       = true                                      {product} {ergonomic}
   size_t SoftMaxHeapSize                          = 5339348992                             {manageable} {ergonomic}
     bool UseCompressedClassPointers               = true                           {product lp64_product} {ergonomic}
     bool UseCompressedOops                        = true                           {product lp64_product} {ergonomic}
     bool UseG1GC                                  = true                                      {product} {ergonomic}
     bool UseLargePagesIndividualAllocation        = false                                  {pd product} {ergonomic}

Logging:
Log output configuration:
 #0: stdout all=warning uptime,level,tags
 #1: stderr all=off uptime,level,tags

Environment Variables:
JAVA_HOME=C:\Program Files\Java\jdk-17
PATH=C:\Program Files (x86)\Common Files\Oracle\Java\javapath;C:\Program Files\Common Files\Oracle\Java\javapath;C:\Windows\system32;C:\Windows;C:\Windows\System32\Wbem;C:\Windows\System32\WindowsPowerShell\v1.0\;C:\Windows\System32\OpenSSH\;C:\Program Files\Java\jdk-17\bin;G:\DATA\Maven\apache-maven-3.8.8\bin;C:\Program Files\Git\cmd;C:\Program Files\nodejs\;C:\Program Files\TortoiseGit\bin;C:\Program Files\Docker\Docker\resources\bin;C:\Users\iragul.palanisamy\AppData\Local\Microsoft\WindowsApps;C:\Users\iragul.palanisamy\AppData\Roaming\npm;C:\Users\iragul.palanisamy\AppData\Local\Programs\Microsoft VS Code\bin
USERNAME=iragul.palanisamy
OS=Windows_NT
PROCESSOR_IDENTIFIER=Intel64 Family 6 Model 142 Stepping 12, GenuineIntel



---------------  S Y S T E M  ---------------

OS:
 Windows 10 , 64 bit Build 19041 (10.0.19041.3636)
OS uptime: 4 days 14:21 hours
Hyper-V role detected

CPU: total 8 (initial active 8) (4 cores per cpu, 2 threads per core) family 6 model 142 stepping 12 microcode 0xf8, cx8, cmov, fxsr, ht, mmx, 3dnowpref, sse, sse2, sse3, ssse3, sse4.1, sse4.2, popcnt, lzcnt, tsc, tscinvbit, avx, avx2, aes, erms, clmul, bmi1, bmi2, adx, fma, vzeroupper, clflush, clflushopt, hv

Memory: 4k page, system-wide physical 20355M (1202M free)
TotalPageFile size 39565M (AvailPageFile size 35M)
current process WorkingSet (physical memory assigned to process): 12M, peak: 12M
current process commit charge ("private bytes"): 61M, peak: 381M

vm_info: Java HotSpot(TM) 64-Bit Server VM (17.0.8+9-LTS-211) for windows-amd64 JRE (17.0.8+9-LTS-211), built on Jun 14 2023 10:34:31 by "mach5one" with MS VC++ 17.1 (VS2022)

END.
